<?xml version="1.0" encoding="UTF-8"?>
<testsuite xmlns:xsi="http://www.w3.org/2001/XMLSchema-instance" xsi:noNamespaceSchemaLocation="https://maven.apache.org/surefire/maven-surefire-plugin/xsd/surefire-test-report.xsd" name="org.springframework.samples.petclinic.owner.PetControllerTests" time="2.705" tests="6" errors="0" skipped="0" failures="0">
  <properties>
    <property name="awt.toolkit" value="sun.awt.X11.XToolkit"/>
    <property name="git.tags" value=""/>
    <property name="java.specification.version" value="1.8"/>
    <property name="file.encoding.pkg" value="sun.io"/>
    <property name="sun.cpu.isalist" value=""/>
    <property name="git.build.version" value="2.4.0.BUILD-SNAPSHOT"/>
    <property name="sun.jnu.encoding" value="UTF-8"/>
    <property name="java.class.path" value="/opt/jenkins/workspace/job2/target/test-classes:/opt/jenkins/workspace/job2/target/classes:/home/surya/.m2/repository/org/springframework/boot/spring-boot-starter-actuator/2.4.1/spring-boot-starter-actuator-2.4.1.jar:/home/surya/.m2/repository/org/springframework/boot/spring-boot-starter/2.4.1/spring-boot-starter-2.4.1.jar:/home/surya/.m2/repository/org/springframework/boot/spring-boot-starter-logging/2.4.1/spring-boot-starter-logging-2.4.1.jar:/home/surya/.m2/repository/ch/qos/logback/logback-classic/1.2.3/logback-classic-1.2.3.jar:/home/surya/.m2/repository/ch/qos/logback/logback-core/1.2.3/logback-core-1.2.3.jar:/home/surya/.m2/repository/org/apache/logging/log4j/log4j-to-slf4j/2.13.3/log4j-to-slf4j-2.13.3.jar:/home/surya/.m2/repository/org/apache/logging/log4j/log4j-api/2.13.3/log4j-api-2.13.3.jar:/home/surya/.m2/repository/org/slf4j/jul-to-slf4j/1.7.30/jul-to-slf4j-1.7.30.jar:/home/surya/.m2/repository/jakarta/annotation/jakarta.annotation-api/1.3.5/jakarta.annotation-api-1.3.5.jar:/home/surya/.m2/repository/org/yaml/snakeyaml/1.27/snakeyaml-1.27.jar:/home/surya/.m2/repository/org/springframework/boot/spring-boot-actuator-autoconfigure/2.4.1/spring-boot-actuator-autoconfigure-2.4.1.jar:/home/surya/.m2/repository/org/springframework/boot/spring-boot-actuator/2.4.1/spring-boot-actuator-2.4.1.jar:/home/surya/.m2/repository/com/fasterxml/jackson/core/jackson-databind/2.11.3/jackson-databind-2.11.3.jar:/home/surya/.m2/repository/com/fasterxml/jackson/core/jackson-annotations/2.11.3/jackson-annotations-2.11.3.jar:/home/surya/.m2/repository/com/fasterxml/jackson/datatype/jackson-datatype-jsr310/2.11.3/jackson-datatype-jsr310-2.11.3.jar:/home/surya/.m2/repository/io/micrometer/micrometer-core/1.6.2/micrometer-core-1.6.2.jar:/home/surya/.m2/repository/org/hdrhistogram/HdrHistogram/2.1.12/HdrHistogram-2.1.12.jar:/home/surya/.m2/repository/org/latencyutils/LatencyUtils/2.0.3/LatencyUtils-2.0.3.jar:/home/surya/.m2/repository/org/springframework/boot/spring-boot-starter-cache/2.4.1/spring-boot-starter-cache-2.4.1.jar:/home/surya/.m2/repository/org/springframework/spring-context-support/5.3.2/spring-context-support-5.3.2.jar:/home/surya/.m2/repository/org/springframework/spring-beans/5.3.2/spring-beans-5.3.2.jar:/home/surya/.m2/repository/org/springframework/spring-context/5.3.2/spring-context-5.3.2.jar:/home/surya/.m2/repository/org/springframework/boot/spring-boot-starter-data-jpa/2.4.1/spring-boot-starter-data-jpa-2.4.1.jar:/home/surya/.m2/repository/org/springframework/boot/spring-boot-starter-aop/2.4.1/spring-boot-starter-aop-2.4.1.jar:/home/surya/.m2/repository/org/springframework/spring-aop/5.3.2/spring-aop-5.3.2.jar:/home/surya/.m2/repository/org/aspectj/aspectjweaver/1.9.6/aspectjweaver-1.9.6.jar:/home/surya/.m2/repository/org/springframework/boot/spring-boot-starter-jdbc/2.4.1/spring-boot-starter-jdbc-2.4.1.jar:/home/surya/.m2/repository/com/zaxxer/HikariCP/3.4.5/HikariCP-3.4.5.jar:/home/surya/.m2/repository/org/springframework/spring-jdbc/5.3.2/spring-jdbc-5.3.2.jar:/home/surya/.m2/repository/jakarta/transaction/jakarta.transaction-api/1.3.3/jakarta.transaction-api-1.3.3.jar:/home/surya/.m2/repository/jakarta/persistence/jakarta.persistence-api/2.2.3/jakarta.persistence-api-2.2.3.jar:/home/surya/.m2/repository/org/hibernate/hibernate-core/5.4.25.Final/hibernate-core-5.4.25.Final.jar:/home/surya/.m2/repository/org/jboss/logging/jboss-logging/3.4.1.Final/jboss-logging-3.4.1.Final.jar:/home/surya/.m2/repository/org/javassist/javassist/3.27.0-GA/javassist-3.27.0-GA.jar:/home/surya/.m2/repository/net/bytebuddy/byte-buddy/1.10.18/byte-buddy-1.10.18.jar:/home/surya/.m2/repository/antlr/antlr/2.7.7/antlr-2.7.7.jar:/home/surya/.m2/repository/org/jboss/jandex/2.1.3.Final/jandex-2.1.3.Final.jar:/home/surya/.m2/repository/com/fasterxml/classmate/1.5.1/classmate-1.5.1.jar:/home/surya/.m2/repository/org/dom4j/dom4j/2.1.3/dom4j-2.1.3.jar:/home/surya/.m2/repository/org/hibernate/common/hibernate-commons-annotations/5.1.2.Final/hibernate-commons-annotations-5.1.2.Final.jar:/home/surya/.m2/repository/org/springframework/data/spring-data-jpa/2.4.2/spring-data-jpa-2.4.2.jar:/home/surya/.m2/repository/org/springframework/data/spring-data-commons/2.4.2/spring-data-commons-2.4.2.jar:/home/surya/.m2/repository/org/springframework/spring-orm/5.3.2/spring-orm-5.3.2.jar:/home/surya/.m2/repository/org/springframework/spring-tx/5.3.2/spring-tx-5.3.2.jar:/home/surya/.m2/repository/org/springframework/spring-aspects/5.3.2/spring-aspects-5.3.2.jar:/home/surya/.m2/repository/org/springframework/boot/spring-boot-starter-web/2.4.1/spring-boot-starter-web-2.4.1.jar:/home/surya/.m2/repository/org/springframework/boot/spring-boot-starter-json/2.4.1/spring-boot-starter-json-2.4.1.jar:/home/surya/.m2/repository/com/fasterxml/jackson/datatype/jackson-datatype-jdk8/2.11.3/jackson-datatype-jdk8-2.11.3.jar:/home/surya/.m2/repository/com/fasterxml/jackson/module/jackson-module-parameter-names/2.11.3/jackson-module-parameter-names-2.11.3.jar:/home/surya/.m2/repository/org/springframework/boot/spring-boot-starter-tomcat/2.4.1/spring-boot-starter-tomcat-2.4.1.jar:/home/surya/.m2/repository/org/apache/tomcat/embed/tomcat-embed-core/9.0.41/tomcat-embed-core-9.0.41.jar:/home/surya/.m2/repository/org/apache/tomcat/embed/tomcat-embed-websocket/9.0.41/tomcat-embed-websocket-9.0.41.jar:/home/surya/.m2/repository/org/springframework/spring-web/5.3.2/spring-web-5.3.2.jar:/home/surya/.m2/repository/org/springframework/spring-webmvc/5.3.2/spring-webmvc-5.3.2.jar:/home/surya/.m2/repository/org/springframework/spring-expression/5.3.2/spring-expression-5.3.2.jar:/home/surya/.m2/repository/org/springframework/boot/spring-boot-starter-validation/2.4.1/spring-boot-starter-validation-2.4.1.jar:/home/surya/.m2/repository/org/glassfish/jakarta.el/3.0.3/jakarta.el-3.0.3.jar:/home/surya/.m2/repository/org/hibernate/validator/hibernate-validator/6.1.6.Final/hibernate-validator-6.1.6.Final.jar:/home/surya/.m2/repository/jakarta/validation/jakarta.validation-api/2.0.2/jakarta.validation-api-2.0.2.jar:/home/surya/.m2/repository/org/springframework/boot/spring-boot-starter-thymeleaf/2.4.1/spring-boot-starter-thymeleaf-2.4.1.jar:/home/surya/.m2/repository/org/thymeleaf/thymeleaf-spring5/3.0.11.RELEASE/thymeleaf-spring5-3.0.11.RELEASE.jar:/home/surya/.m2/repository/org/thymeleaf/thymeleaf/3.0.11.RELEASE/thymeleaf-3.0.11.RELEASE.jar:/home/surya/.m2/repository/org/attoparser/attoparser/2.0.5.RELEASE/attoparser-2.0.5.RELEASE.jar:/home/surya/.m2/repository/org/unbescape/unbescape/1.1.6.RELEASE/unbescape-1.1.6.RELEASE.jar:/home/surya/.m2/repository/org/thymeleaf/extras/thymeleaf-extras-java8time/3.0.4.RELEASE/thymeleaf-extras-java8time-3.0.4.RELEASE.jar:/home/surya/.m2/repository/org/springframework/boot/spring-boot-starter-test/2.4.1/spring-boot-starter-test-2.4.1.jar:/home/surya/.m2/repository/org/springframework/boot/spring-boot-test/2.4.1/spring-boot-test-2.4.1.jar:/home/surya/.m2/repository/org/springframework/boot/spring-boot-test-autoconfigure/2.4.1/spring-boot-test-autoconfigure-2.4.1.jar:/home/surya/.m2/repository/com/jayway/jsonpath/json-path/2.4.0/json-path-2.4.0.jar:/home/surya/.m2/repository/net/minidev/json-smart/2.3/json-smart-2.3.jar:/home/surya/.m2/repository/net/minidev/accessors-smart/1.2/accessors-smart-1.2.jar:/home/surya/.m2/repository/org/ow2/asm/asm/5.0.4/asm-5.0.4.jar:/home/surya/.m2/repository/jakarta/xml/bind/jakarta.xml.bind-api/2.3.3/jakarta.xml.bind-api-2.3.3.jar:/home/surya/.m2/repository/jakarta/activation/jakarta.activation-api/1.2.2/jakarta.activation-api-1.2.2.jar:/home/surya/.m2/repository/org/assertj/assertj-core/3.18.1/assertj-core-3.18.1.jar:/home/surya/.m2/repository/org/hamcrest/hamcrest/2.2/hamcrest-2.2.jar:/home/surya/.m2/repository/org/junit/jupiter/junit-jupiter/5.7.0/junit-jupiter-5.7.0.jar:/home/surya/.m2/repository/org/junit/jupiter/junit-jupiter-api/5.7.0/junit-jupiter-api-5.7.0.jar:/home/surya/.m2/repository/org/apiguardian/apiguardian-api/1.1.0/apiguardian-api-1.1.0.jar:/home/surya/.m2/repository/org/opentest4j/opentest4j/1.2.0/opentest4j-1.2.0.jar:/home/surya/.m2/repository/org/junit/platform/junit-platform-commons/1.7.0/junit-platform-commons-1.7.0.jar:/home/surya/.m2/repository/org/junit/jupiter/junit-jupiter-params/5.7.0/junit-jupiter-params-5.7.0.jar:/home/surya/.m2/repository/org/junit/jupiter/junit-jupiter-engine/5.7.0/junit-jupiter-engine-5.7.0.jar:/home/surya/.m2/repository/org/junit/platform/junit-platform-engine/1.7.0/junit-platform-engine-1.7.0.jar:/home/surya/.m2/repository/org/mockito/mockito-core/3.6.28/mockito-core-3.6.28.jar:/home/surya/.m2/repository/net/bytebuddy/byte-buddy-agent/1.10.18/byte-buddy-agent-1.10.18.jar:/home/surya/.m2/repository/org/objenesis/objenesis/3.1/objenesis-3.1.jar:/home/surya/.m2/repository/org/mockito/mockito-junit-jupiter/3.6.28/mockito-junit-jupiter-3.6.28.jar:/home/surya/.m2/repository/org/skyscreamer/jsonassert/1.5.0/jsonassert-1.5.0.jar:/home/surya/.m2/repository/com/vaadin/external/google/android-json/0.0.20131108.vaadin1/android-json-0.0.20131108.vaadin1.jar:/home/surya/.m2/repository/org/springframework/spring-core/5.3.2/spring-core-5.3.2.jar:/home/surya/.m2/repository/org/springframework/spring-jcl/5.3.2/spring-jcl-5.3.2.jar:/home/surya/.m2/repository/org/springframework/spring-test/5.3.2/spring-test-5.3.2.jar:/home/surya/.m2/repository/org/xmlunit/xmlunit-core/2.7.0/xmlunit-core-2.7.0.jar:/home/surya/.m2/repository/com/h2database/h2/1.4.200/h2-1.4.200.jar:/home/surya/.m2/repository/mysql/mysql-connector-java/8.0.22/mysql-connector-java-8.0.22.jar:/home/surya/.m2/repository/javax/cache/cache-api/1.1.1/cache-api-1.1.1.jar:/home/surya/.m2/repository/org/ehcache/ehcache/3.9.0/ehcache-3.9.0.jar:/home/surya/.m2/repository/org/slf4j/slf4j-api/1.7.30/slf4j-api-1.7.30.jar:/home/surya/.m2/repository/org/glassfish/jaxb/jaxb-runtime/2.3.3/jaxb-runtime-2.3.3.jar:/home/surya/.m2/repository/org/glassfish/jaxb/txw2/2.3.3/txw2-2.3.3.jar:/home/surya/.m2/repository/com/sun/istack/istack-commons-runtime/3.0.11/istack-commons-runtime-3.0.11.jar:/home/surya/.m2/repository/com/sun/activation/jakarta.activation/1.2.2/jakarta.activation-1.2.2.jar:/home/surya/.m2/repository/org/webjars/webjars-locator-core/0.46/webjars-locator-core-0.46.jar:/home/surya/.m2/repository/io/github/classgraph/classgraph/4.8.69/classgraph-4.8.69.jar:/home/surya/.m2/repository/com/fasterxml/jackson/core/jackson-core/2.11.3/jackson-core-2.11.3.jar:/home/surya/.m2/repository/org/webjars/jquery/2.2.4/jquery-2.2.4.jar:/home/surya/.m2/repository/org/webjars/jquery-ui/1.11.4/jquery-ui-1.11.4.jar:/home/surya/.m2/repository/org/webjars/bootstrap/3.3.6/bootstrap-3.3.6.jar:/home/surya/.m2/repository/org/springframework/boot/spring-boot-devtools/2.4.1/spring-boot-devtools-2.4.1.jar:/home/surya/.m2/repository/org/springframework/boot/spring-boot/2.4.1/spring-boot-2.4.1.jar:/home/surya/.m2/repository/org/springframework/boot/spring-boot-autoconfigure/2.4.1/spring-boot-autoconfigure-2.4.1.jar:"/>
    <property name="git.branch" value="origin/main"/>
    <property name="git.build.host" value="ip-172-31-28-78.ec2.internal"/>
    <property name="java.vm.vendor" value="Oracle Corporation"/>
    <property name="git.build.number" value="2"/>
    <property name="sun.arch.data.model" value="64"/>
    <property name="git.commit.id" value="02babdd8cb0d494d043fdf35a24dd2127c5d5167"/>
    <property name="java.vendor.url" value="http://java.oracle.com/"/>
    <property name="user.timezone" value=""/>
    <property name="os.name" value="Linux"/>
    <property name="java.vm.specification.version" value="1.8"/>
    <property name="sun.java.launcher" value="SUN_STANDARD"/>
    <property name="git.build.user.name" value=""/>
    <property name="user.country" value="US"/>
    <property name="sun.boot.library.path" value="/opt/java/jdk1.8.0_271/jre/lib/amd64"/>
    <property name="sun.java.command" value="/opt/jenkins/workspace/job2/target/surefire/surefirebooter7748098475650077871.jar /opt/jenkins/workspace/job2/target/surefire 2020-12-26T12-09-52_871-jvmRun1 surefire8620717758204875986tmp surefire_05242254413224615077tmp"/>
    <property name="surefire.test.class.path" value="/opt/jenkins/workspace/job2/target/test-classes:/opt/jenkins/workspace/job2/target/classes:/home/surya/.m2/repository/org/springframework/boot/spring-boot-starter-actuator/2.4.1/spring-boot-starter-actuator-2.4.1.jar:/home/surya/.m2/repository/org/springframework/boot/spring-boot-starter/2.4.1/spring-boot-starter-2.4.1.jar:/home/surya/.m2/repository/org/springframework/boot/spring-boot-starter-logging/2.4.1/spring-boot-starter-logging-2.4.1.jar:/home/surya/.m2/repository/ch/qos/logback/logback-classic/1.2.3/logback-classic-1.2.3.jar:/home/surya/.m2/repository/ch/qos/logback/logback-core/1.2.3/logback-core-1.2.3.jar:/home/surya/.m2/repository/org/apache/logging/log4j/log4j-to-slf4j/2.13.3/log4j-to-slf4j-2.13.3.jar:/home/surya/.m2/repository/org/apache/logging/log4j/log4j-api/2.13.3/log4j-api-2.13.3.jar:/home/surya/.m2/repository/org/slf4j/jul-to-slf4j/1.7.30/jul-to-slf4j-1.7.30.jar:/home/surya/.m2/repository/jakarta/annotation/jakarta.annotation-api/1.3.5/jakarta.annotation-api-1.3.5.jar:/home/surya/.m2/repository/org/yaml/snakeyaml/1.27/snakeyaml-1.27.jar:/home/surya/.m2/repository/org/springframework/boot/spring-boot-actuator-autoconfigure/2.4.1/spring-boot-actuator-autoconfigure-2.4.1.jar:/home/surya/.m2/repository/org/springframework/boot/spring-boot-actuator/2.4.1/spring-boot-actuator-2.4.1.jar:/home/surya/.m2/repository/com/fasterxml/jackson/core/jackson-databind/2.11.3/jackson-databind-2.11.3.jar:/home/surya/.m2/repository/com/fasterxml/jackson/core/jackson-annotations/2.11.3/jackson-annotations-2.11.3.jar:/home/surya/.m2/repository/com/fasterxml/jackson/datatype/jackson-datatype-jsr310/2.11.3/jackson-datatype-jsr310-2.11.3.jar:/home/surya/.m2/repository/io/micrometer/micrometer-core/1.6.2/micrometer-core-1.6.2.jar:/home/surya/.m2/repository/org/hdrhistogram/HdrHistogram/2.1.12/HdrHistogram-2.1.12.jar:/home/surya/.m2/repository/org/latencyutils/LatencyUtils/2.0.3/LatencyUtils-2.0.3.jar:/home/surya/.m2/repository/org/springframework/boot/spring-boot-starter-cache/2.4.1/spring-boot-starter-cache-2.4.1.jar:/home/surya/.m2/repository/org/springframework/spring-context-support/5.3.2/spring-context-support-5.3.2.jar:/home/surya/.m2/repository/org/springframework/spring-beans/5.3.2/spring-beans-5.3.2.jar:/home/surya/.m2/repository/org/springframework/spring-context/5.3.2/spring-context-5.3.2.jar:/home/surya/.m2/repository/org/springframework/boot/spring-boot-starter-data-jpa/2.4.1/spring-boot-starter-data-jpa-2.4.1.jar:/home/surya/.m2/repository/org/springframework/boot/spring-boot-starter-aop/2.4.1/spring-boot-starter-aop-2.4.1.jar:/home/surya/.m2/repository/org/springframework/spring-aop/5.3.2/spring-aop-5.3.2.jar:/home/surya/.m2/repository/org/aspectj/aspectjweaver/1.9.6/aspectjweaver-1.9.6.jar:/home/surya/.m2/repository/org/springframework/boot/spring-boot-starter-jdbc/2.4.1/spring-boot-starter-jdbc-2.4.1.jar:/home/surya/.m2/repository/com/zaxxer/HikariCP/3.4.5/HikariCP-3.4.5.jar:/home/surya/.m2/repository/org/springframework/spring-jdbc/5.3.2/spring-jdbc-5.3.2.jar:/home/surya/.m2/repository/jakarta/transaction/jakarta.transaction-api/1.3.3/jakarta.transaction-api-1.3.3.jar:/home/surya/.m2/repository/jakarta/persistence/jakarta.persistence-api/2.2.3/jakarta.persistence-api-2.2.3.jar:/home/surya/.m2/repository/org/hibernate/hibernate-core/5.4.25.Final/hibernate-core-5.4.25.Final.jar:/home/surya/.m2/repository/org/jboss/logging/jboss-logging/3.4.1.Final/jboss-logging-3.4.1.Final.jar:/home/surya/.m2/repository/org/javassist/javassist/3.27.0-GA/javassist-3.27.0-GA.jar:/home/surya/.m2/repository/net/bytebuddy/byte-buddy/1.10.18/byte-buddy-1.10.18.jar:/home/surya/.m2/repository/antlr/antlr/2.7.7/antlr-2.7.7.jar:/home/surya/.m2/repository/org/jboss/jandex/2.1.3.Final/jandex-2.1.3.Final.jar:/home/surya/.m2/repository/com/fasterxml/classmate/1.5.1/classmate-1.5.1.jar:/home/surya/.m2/repository/org/dom4j/dom4j/2.1.3/dom4j-2.1.3.jar:/home/surya/.m2/repository/org/hibernate/common/hibernate-commons-annotations/5.1.2.Final/hibernate-commons-annotations-5.1.2.Final.jar:/home/surya/.m2/repository/org/springframework/data/spring-data-jpa/2.4.2/spring-data-jpa-2.4.2.jar:/home/surya/.m2/repository/org/springframework/data/spring-data-commons/2.4.2/spring-data-commons-2.4.2.jar:/home/surya/.m2/repository/org/springframework/spring-orm/5.3.2/spring-orm-5.3.2.jar:/home/surya/.m2/repository/org/springframework/spring-tx/5.3.2/spring-tx-5.3.2.jar:/home/surya/.m2/repository/org/springframework/spring-aspects/5.3.2/spring-aspects-5.3.2.jar:/home/surya/.m2/repository/org/springframework/boot/spring-boot-starter-web/2.4.1/spring-boot-starter-web-2.4.1.jar:/home/surya/.m2/repository/org/springframework/boot/spring-boot-starter-json/2.4.1/spring-boot-starter-json-2.4.1.jar:/home/surya/.m2/repository/com/fasterxml/jackson/datatype/jackson-datatype-jdk8/2.11.3/jackson-datatype-jdk8-2.11.3.jar:/home/surya/.m2/repository/com/fasterxml/jackson/module/jackson-module-parameter-names/2.11.3/jackson-module-parameter-names-2.11.3.jar:/home/surya/.m2/repository/org/springframework/boot/spring-boot-starter-tomcat/2.4.1/spring-boot-starter-tomcat-2.4.1.jar:/home/surya/.m2/repository/org/apache/tomcat/embed/tomcat-embed-core/9.0.41/tomcat-embed-core-9.0.41.jar:/home/surya/.m2/repository/org/apache/tomcat/embed/tomcat-embed-websocket/9.0.41/tomcat-embed-websocket-9.0.41.jar:/home/surya/.m2/repository/org/springframework/spring-web/5.3.2/spring-web-5.3.2.jar:/home/surya/.m2/repository/org/springframework/spring-webmvc/5.3.2/spring-webmvc-5.3.2.jar:/home/surya/.m2/repository/org/springframework/spring-expression/5.3.2/spring-expression-5.3.2.jar:/home/surya/.m2/repository/org/springframework/boot/spring-boot-starter-validation/2.4.1/spring-boot-starter-validation-2.4.1.jar:/home/surya/.m2/repository/org/glassfish/jakarta.el/3.0.3/jakarta.el-3.0.3.jar:/home/surya/.m2/repository/org/hibernate/validator/hibernate-validator/6.1.6.Final/hibernate-validator-6.1.6.Final.jar:/home/surya/.m2/repository/jakarta/validation/jakarta.validation-api/2.0.2/jakarta.validation-api-2.0.2.jar:/home/surya/.m2/repository/org/springframework/boot/spring-boot-starter-thymeleaf/2.4.1/spring-boot-starter-thymeleaf-2.4.1.jar:/home/surya/.m2/repository/org/thymeleaf/thymeleaf-spring5/3.0.11.RELEASE/thymeleaf-spring5-3.0.11.RELEASE.jar:/home/surya/.m2/repository/org/thymeleaf/thymeleaf/3.0.11.RELEASE/thymeleaf-3.0.11.RELEASE.jar:/home/surya/.m2/repository/org/attoparser/attoparser/2.0.5.RELEASE/attoparser-2.0.5.RELEASE.jar:/home/surya/.m2/repository/org/unbescape/unbescape/1.1.6.RELEASE/unbescape-1.1.6.RELEASE.jar:/home/surya/.m2/repository/org/thymeleaf/extras/thymeleaf-extras-java8time/3.0.4.RELEASE/thymeleaf-extras-java8time-3.0.4.RELEASE.jar:/home/surya/.m2/repository/org/springframework/boot/spring-boot-starter-test/2.4.1/spring-boot-starter-test-2.4.1.jar:/home/surya/.m2/repository/org/springframework/boot/spring-boot-test/2.4.1/spring-boot-test-2.4.1.jar:/home/surya/.m2/repository/org/springframework/boot/spring-boot-test-autoconfigure/2.4.1/spring-boot-test-autoconfigure-2.4.1.jar:/home/surya/.m2/repository/com/jayway/jsonpath/json-path/2.4.0/json-path-2.4.0.jar:/home/surya/.m2/repository/net/minidev/json-smart/2.3/json-smart-2.3.jar:/home/surya/.m2/repository/net/minidev/accessors-smart/1.2/accessors-smart-1.2.jar:/home/surya/.m2/repository/org/ow2/asm/asm/5.0.4/asm-5.0.4.jar:/home/surya/.m2/repository/jakarta/xml/bind/jakarta.xml.bind-api/2.3.3/jakarta.xml.bind-api-2.3.3.jar:/home/surya/.m2/repository/jakarta/activation/jakarta.activation-api/1.2.2/jakarta.activation-api-1.2.2.jar:/home/surya/.m2/repository/org/assertj/assertj-core/3.18.1/assertj-core-3.18.1.jar:/home/surya/.m2/repository/org/hamcrest/hamcrest/2.2/hamcrest-2.2.jar:/home/surya/.m2/repository/org/junit/jupiter/junit-jupiter/5.7.0/junit-jupiter-5.7.0.jar:/home/surya/.m2/repository/org/junit/jupiter/junit-jupiter-api/5.7.0/junit-jupiter-api-5.7.0.jar:/home/surya/.m2/repository/org/apiguardian/apiguardian-api/1.1.0/apiguardian-api-1.1.0.jar:/home/surya/.m2/repository/org/opentest4j/opentest4j/1.2.0/opentest4j-1.2.0.jar:/home/surya/.m2/repository/org/junit/platform/junit-platform-commons/1.7.0/junit-platform-commons-1.7.0.jar:/home/surya/.m2/repository/org/junit/jupiter/junit-jupiter-params/5.7.0/junit-jupiter-params-5.7.0.jar:/home/surya/.m2/repository/org/junit/jupiter/junit-jupiter-engine/5.7.0/junit-jupiter-engine-5.7.0.jar:/home/surya/.m2/repository/org/junit/platform/junit-platform-engine/1.7.0/junit-platform-engine-1.7.0.jar:/home/surya/.m2/repository/org/mockito/mockito-core/3.6.28/mockito-core-3.6.28.jar:/home/surya/.m2/repository/net/bytebuddy/byte-buddy-agent/1.10.18/byte-buddy-agent-1.10.18.jar:/home/surya/.m2/repository/org/objenesis/objenesis/3.1/objenesis-3.1.jar:/home/surya/.m2/repository/org/mockito/mockito-junit-jupiter/3.6.28/mockito-junit-jupiter-3.6.28.jar:/home/surya/.m2/repository/org/skyscreamer/jsonassert/1.5.0/jsonassert-1.5.0.jar:/home/surya/.m2/repository/com/vaadin/external/google/android-json/0.0.20131108.vaadin1/android-json-0.0.20131108.vaadin1.jar:/home/surya/.m2/repository/org/springframework/spring-core/5.3.2/spring-core-5.3.2.jar:/home/surya/.m2/repository/org/springframework/spring-jcl/5.3.2/spring-jcl-5.3.2.jar:/home/surya/.m2/repository/org/springframework/spring-test/5.3.2/spring-test-5.3.2.jar:/home/surya/.m2/repository/org/xmlunit/xmlunit-core/2.7.0/xmlunit-core-2.7.0.jar:/home/surya/.m2/repository/com/h2database/h2/1.4.200/h2-1.4.200.jar:/home/surya/.m2/repository/mysql/mysql-connector-java/8.0.22/mysql-connector-java-8.0.22.jar:/home/surya/.m2/repository/javax/cache/cache-api/1.1.1/cache-api-1.1.1.jar:/home/surya/.m2/repository/org/ehcache/ehcache/3.9.0/ehcache-3.9.0.jar:/home/surya/.m2/repository/org/slf4j/slf4j-api/1.7.30/slf4j-api-1.7.30.jar:/home/surya/.m2/repository/org/glassfish/jaxb/jaxb-runtime/2.3.3/jaxb-runtime-2.3.3.jar:/home/surya/.m2/repository/org/glassfish/jaxb/txw2/2.3.3/txw2-2.3.3.jar:/home/surya/.m2/repository/com/sun/istack/istack-commons-runtime/3.0.11/istack-commons-runtime-3.0.11.jar:/home/surya/.m2/repository/com/sun/activation/jakarta.activation/1.2.2/jakarta.activation-1.2.2.jar:/home/surya/.m2/repository/org/webjars/webjars-locator-core/0.46/webjars-locator-core-0.46.jar:/home/surya/.m2/repository/io/github/classgraph/classgraph/4.8.69/classgraph-4.8.69.jar:/home/surya/.m2/repository/com/fasterxml/jackson/core/jackson-core/2.11.3/jackson-core-2.11.3.jar:/home/surya/.m2/repository/org/webjars/jquery/2.2.4/jquery-2.2.4.jar:/home/surya/.m2/repository/org/webjars/jquery-ui/1.11.4/jquery-ui-1.11.4.jar:/home/surya/.m2/repository/org/webjars/bootstrap/3.3.6/bootstrap-3.3.6.jar:/home/surya/.m2/repository/org/springframework/boot/spring-boot-devtools/2.4.1/spring-boot-devtools-2.4.1.jar:/home/surya/.m2/repository/org/springframework/boot/spring-boot/2.4.1/spring-boot-2.4.1.jar:/home/surya/.m2/repository/org/springframework/boot/spring-boot-autoconfigure/2.4.1/spring-boot-autoconfigure-2.4.1.jar:"/>
    <property name="sun.cpu.endian" value="little"/>
    <property name="user.home" value="/home/surya"/>
    <property name="user.language" value="en"/>
    <property name="git.closest.tag.commit.count" value=""/>
    <property name="java.specification.vendor" value="Oracle Corporation"/>
    <property name="java.home" value="/opt/java/jdk1.8.0_271/jre"/>
    <property name="git.total.commit.count" value="726"/>
    <property name="file.separator" value="/"/>
    <property name="basedir" value="/opt/jenkins/workspace/job2"/>
    <property name="line.separator" value="&#10;"/>
    <property name="git.build.user.email" value=""/>
    <property name="java.vm.specification.vendor" value="Oracle Corporation"/>
    <property name="java.specification.name" value="Java Platform API Specification"/>
    <property name="java.awt.graphicsenv" value="sun.awt.X11GraphicsEnvironment"/>
    <property name="git.closest.tag.name" value=""/>
    <property name="git.local.branch.ahead" value="NO_REMOTE"/>
    <property name="git.build.time" value="2020-12-26T12:08:58+0000"/>
    <property name="surefire.real.class.path" value="/opt/jenkins/workspace/job2/target/surefire/surefirebooter7748098475650077871.jar:/home/surya/.m2/repository/org/jacoco/org.jacoco.agent/0.8.5/org.jacoco.agent-0.8.5-runtime.jar"/>
    <property name="git.commit.message.full" value="Upgrade to Spring Boot 2.4.1"/>
    <property name="sun.boot.class.path" value="/opt/java/jdk1.8.0_271/jre/lib/resources.jar:/opt/java/jdk1.8.0_271/jre/lib/rt.jar:/opt/java/jdk1.8.0_271/jre/lib/sunrsasign.jar:/opt/java/jdk1.8.0_271/jre/lib/jsse.jar:/opt/java/jdk1.8.0_271/jre/lib/jce.jar:/opt/java/jdk1.8.0_271/jre/lib/charsets.jar:/opt/java/jdk1.8.0_271/jre/lib/jfr.jar:/opt/java/jdk1.8.0_271/jre/classes"/>
    <property name="sun.management.compiler" value="HotSpot 64-Bit Tiered Compilers"/>
    <property name="java.runtime.version" value="1.8.0_271-b09"/>
    <property name="user.name" value="surya"/>
    <property name="path.separator" value=":"/>
    <property name="os.version" value="4.14.209-160.339.amzn2.x86_64"/>
    <property name="java.endorsed.dirs" value="/opt/java/jdk1.8.0_271/jre/lib/endorsed"/>
    <property name="java.runtime.name" value="Java(TM) SE Runtime Environment"/>
    <property name="file.encoding" value="UTF-8"/>
    <property name="git.commit.user.email" value="snicoll@vmware.com"/>
    <property name="java.vm.name" value="Java HotSpot(TM) 64-Bit Server VM"/>
    <property name="git.local.branch.behind" value="NO_REMOTE"/>
    <property name="git.dirty" value="false"/>
    <property name="localRepository" value="/home/surya/.m2/repository"/>
    <property name="java.vendor.url.bug" value="http://bugreport.sun.com/bugreport/"/>
    <property name="java.io.tmpdir" value="/tmp"/>
    <property name="java.version" value="1.8.0_271"/>
    <property name="user.dir" value="/opt/jenkins/workspace/job2"/>
    <property name="os.arch" value="amd64"/>
    <property name="git.commit.user.name" value="Stephane Nicoll"/>
    <property name="git.commit.id.abbrev" value="02babdd"/>
    <property name="java.vm.specification.name" value="Java Virtual Machine Specification"/>
    <property name="java.awt.printerjob" value="sun.print.PSPrinterJob"/>
    <property name="git.commit.id.describe-short" value="02babdd"/>
    <property name="sun.os.patch.level" value="unknown"/>
    <property name="git.commit.id.describe" value="02babdd"/>
    <property name="git.commit.message.short" value="Upgrade to Spring Boot 2.4.1"/>
    <property name="java.library.path" value="/usr/java/packages/lib/amd64:/usr/lib64:/lib64:/lib:/usr/lib"/>
    <property name="java.vendor" value="Oracle Corporation"/>
    <property name="java.vm.info" value="mixed mode"/>
    <property name="java.vm.version" value="25.271-b09"/>
    <property name="sun.io.unicode.encoding" value="UnicodeLittle"/>
    <property name="java.ext.dirs" value="/opt/java/jdk1.8.0_271/jre/lib/ext:/usr/java/packages/lib/ext"/>
    <property name="java.class.version" value="52.0"/>
    <property name="git.commit.time" value="2020-12-25T12:02:48+0000"/>
    <property name="git.remote.origin.url" value="https://github.com/spring-projects/spring-petclinic.git"/>
  </properties>
  <testcase name="testProcessCreationFormSuccess" classname="org.springframework.samples.petclinic.owner.PetControllerTests" time="0.051"/>
  <testcase name="testProcessUpdateFormSuccess" classname="org.springframework.samples.petclinic.owner.PetControllerTests" time="0.026"/>
  <testcase name="testInitUpdateForm" classname="org.springframework.samples.petclinic.owner.PetControllerTests" time="0.18"/>
  <testcase name="testInitCreationForm" classname="org.springframework.samples.petclinic.owner.PetControllerTests" time="0.058"/>
  <testcase name="testProcessCreationFormHasErrors" classname="org.springframework.samples.petclinic.owner.PetControllerTests" time="0.054"/>
  <testcase name="testProcessUpdateFormHasErrors" classname="org.springframework.samples.petclinic.owner.PetControllerTests" time="0.057"/>
</testsuite>